<?xml version="1.0" encoding="UTF-8" ?>
<testsuite tests="2" failures="1" name="auction.service.SellerMgrTest" time="0.047" errors="0" skipped="0">
  <properties>
    <property name="java.runtime.name" value="Java(TM) SE Runtime Environment"/>
    <property name="sun.boot.library.path" value="C:\Program Files\Java\jdk1.8.0_60\jre\bin"/>
    <property name="java.vm.version" value="25.60-b23"/>
    <property name="java.vm.vendor" value="Oracle Corporation"/>
    <property name="java.vendor.url" value="http://java.oracle.com/"/>
    <property name="path.separator" value=";"/>
    <property name="guice.disable.misplaced.annotation.check" value="true"/>
    <property name="java.vm.name" value="Java HotSpot(TM) 64-Bit Server VM"/>
    <property name="file.encoding.pkg" value="sun.io"/>
    <property name="user.script" value=""/>
    <property name="user.country" value="US"/>
    <property name="sun.java.launcher" value="SUN_STANDARD"/>
    <property name="sun.os.patch.level" value=""/>
    <property name="java.vm.specification.name" value="Java Virtual Machine Specification"/>
    <property name="user.dir" value="D:\Users\Thijn\Documents\GitHub\JCF41-Thijn-en-Robert\Auction opdracht3"/>
    <property name="java.runtime.version" value="1.8.0_60-b27"/>
    <property name="java.awt.graphicsenv" value="sun.awt.Win32GraphicsEnvironment"/>
    <property name="java.endorsed.dirs" value="C:\Program Files\Java\jdk1.8.0_60\jre\lib\endorsed"/>
    <property name="os.arch" value="amd64"/>
    <property name="java.io.tmpdir" value="C:\Users\Thijn\AppData\Local\Temp\"/>
    <property name="line.separator" value="
"/>
    <property name="java.vm.specification.vendor" value="Oracle Corporation"/>
    <property name="user.variant" value=""/>
    <property name="os.name" value="Windows 10"/>
    <property name="maven.ext.class.path" value="C:\Program Files\NetBeans 8.0.2\java\maven-nblib\netbeans-eventspy.jar"/>
    <property name="classworlds.conf" value="C:\Program Files\NetBeans 8.0.2\java\maven\bin\m2.conf"/>
    <property name="sun.jnu.encoding" value="Cp1252"/>
    <property name="java.library.path" value="C:\Program Files\Java\jdk1.8.0_60\bin;C:\WINDOWS\Sun\Java\bin;C:\WINDOWS\system32;C:\WINDOWS;D:\app\client\Thijn\product\12.1.0\client_1;D:\app\client\Thijn\product\12.1.0\client_1\bin;D:\app\Thijn\product\11.2.0\client_2;D:\app\Thijn\product\11.2.0\client_2\bin;D:\app\Thijn\product\11.2.0\client_1;D:\app\Thijn\product\11.2.0\client_1\bin;C:\ProgramData\Oracle\Java\javapath;C:\Program Files (x86)\Intel\iCLS Client\;C:\Program Files\Intel\iCLS Client\;C:\WINDOWS\system32;C:\WINDOWS;C:\WINDOWS\System32\Wbem;C:\WINDOWS\System32\WindowsPowerShell\v1.0\;C:\Program Files\Intel\Intel(R) Management Engine Components\DAL;C:\Program Files\Intel\Intel(R) Management Engine Components\IPT;C:\Program Files (x86)\Intel\Intel(R) Management Engine Components\DAL;C:\Program Files (x86)\Intel\Intel(R) Management Engine Components\IPT;C:\Program Files (x86)\Skype\Phone\;C:\Program Files (x86)\Windows Kits\8.1\Windows Performance Toolkit\;C:\Program Files\Microsoft SQL Server\110\Tools\Binn\;C:\Program Files\Intel\WiFi\bin\;C:\Program Files\Common Files\Intel\WirelessCommon\;C:\Program Files (x86)\Microsoft SDKs\TypeScript\1.0\;C:\Program Files\Microsoft SQL Server\120\Tools\Binn\;D:\Program Files (x86)\Heroku\bin;C:\Program Files (x86)\git\cmd;C:\Program Files (x86)\NVIDIA Corporation\PhysX\Common;C:\RailsInstaller\Ruby2.1.0\bin;C:\Users\Thijn\AppData\Local\atom\bin;D:\phantomjs-2.0.0-windows\bin;C:\Program Files\Intel\WiFi\bin\;C:\Program Files\Common Files\Intel\WirelessCommon\;."/>
    <property name="java.specification.name" value="Java Platform API Specification"/>
    <property name="java.class.version" value="52.0"/>
    <property name="sun.management.compiler" value="HotSpot 64-Bit Tiered Compilers"/>
    <property name="os.version" value="10.0"/>
    <property name="user.home" value="C:\Users\Thijn"/>
    <property name="user.timezone" value="Europe/Berlin"/>
    <property name="java.awt.printerjob" value="sun.awt.windows.WPrinterJob"/>
    <property name="java.specification.version" value="1.8"/>
    <property name="file.encoding" value="UTF-8"/>
    <property name="user.name" value="Thijn"/>
    <property name="java.class.path" value="C:\Program Files\NetBeans 8.0.2\java\maven\boot\plexus-classworlds-2.4.jar"/>
    <property name="java.vm.specification.version" value="1.8"/>
    <property name="sun.arch.data.model" value="64"/>
    <property name="java.home" value="C:\Program Files\Java\jdk1.8.0_60\jre"/>
    <property name="sun.java.command" value="org.codehaus.plexus.classworlds.launcher.Launcher -Dmaven.ext.class.path=C:\Program Files\NetBeans 8.0.2\java\maven-nblib\netbeans-eventspy.jar -Dfile.encoding=UTF-8 test"/>
    <property name="java.specification.vendor" value="Oracle Corporation"/>
    <property name="user.language" value="en"/>
    <property name="awt.toolkit" value="sun.awt.windows.WToolkit"/>
    <property name="java.vm.info" value="mixed mode"/>
    <property name="java.version" value="1.8.0_60"/>
    <property name="java.ext.dirs" value="C:\Program Files\Java\jdk1.8.0_60\jre\lib\ext;C:\WINDOWS\Sun\Java\lib\ext"/>
    <property name="sun.boot.class.path" value="C:\Program Files\Java\jdk1.8.0_60\jre\lib\resources.jar;C:\Program Files\Java\jdk1.8.0_60\jre\lib\rt.jar;C:\Program Files\Java\jdk1.8.0_60\jre\lib\sunrsasign.jar;C:\Program Files\Java\jdk1.8.0_60\jre\lib\jsse.jar;C:\Program Files\Java\jdk1.8.0_60\jre\lib\jce.jar;C:\Program Files\Java\jdk1.8.0_60\jre\lib\charsets.jar;C:\Program Files\Java\jdk1.8.0_60\jre\lib\jfr.jar;C:\Program Files\Java\jdk1.8.0_60\jre\classes"/>
    <property name="java.vendor" value="Oracle Corporation"/>
    <property name="maven.home" value="C:\Program Files\NetBeans 8.0.2\java\maven"/>
    <property name="file.separator" value="\"/>
    <property name="java.vendor.url.bug" value="http://bugreport.sun.com/bugreport/"/>
    <property name="sun.cpu.endian" value="little"/>
    <property name="sun.io.unicode.encoding" value="UnicodeLittle"/>
    <property name="sun.desktop" value="windows"/>
    <property name="sun.cpu.isalist" value="amd64"/>
  </properties>
  <testcase classname="auction.service.SellerMgrTest" name="testOfferItem" time="0"/>
  <testcase classname="auction.service.SellerMgrTest" name="testRevokeItem" time="0.042">
    <failure message="expected:&lt;0&gt; but was:&lt;5&gt;" type="java.lang.AssertionError">java.lang.AssertionError: expected:&lt;0&gt; but was:&lt;5&gt;
	at org.junit.Assert.fail(Assert.java:88)
	at org.junit.Assert.failNotEquals(Assert.java:743)
	at org.junit.Assert.assertEquals(Assert.java:118)
	at org.junit.Assert.assertEquals(Assert.java:555)
	at org.junit.Assert.assertEquals(Assert.java:542)
	at auction.service.SellerMgrTest.testRevokeItem(SellerMgrTest.java:61)
	at sun.reflect.NativeMethodAccessorImpl.invoke0(Native Method)
	at sun.reflect.NativeMethodAccessorImpl.invoke(NativeMethodAccessorImpl.java:62)
	at sun.reflect.DelegatingMethodAccessorImpl.invoke(DelegatingMethodAccessorImpl.java:43)
	at java.lang.reflect.Method.invoke(Method.java:497)
	at org.junit.runners.model.FrameworkMethod$1.runReflectiveCall(FrameworkMethod.java:47)
	at org.junit.internal.runners.model.ReflectiveCallable.run(ReflectiveCallable.java:12)
	at org.junit.runners.model.FrameworkMethod.invokeExplosively(FrameworkMethod.java:44)
	at org.junit.internal.runners.statements.InvokeMethod.evaluate(InvokeMethod.java:17)
	at org.junit.internal.runners.statements.RunBefores.evaluate(RunBefores.java:26)
	at org.junit.runners.ParentRunner.runLeaf(ParentRunner.java:271)
	at org.junit.runners.BlockJUnit4ClassRunner.runChild(BlockJUnit4ClassRunner.java:70)
	at org.junit.runners.BlockJUnit4ClassRunner.runChild(BlockJUnit4ClassRunner.java:50)
	at org.junit.runners.ParentRunner$3.run(ParentRunner.java:238)
	at org.junit.runners.ParentRunner$1.schedule(ParentRunner.java:63)
	at org.junit.runners.ParentRunner.runChildren(ParentRunner.java:236)
	at org.junit.runners.ParentRunner.access$000(ParentRunner.java:53)
	at org.junit.runners.ParentRunner$2.evaluate(ParentRunner.java:229)
	at org.junit.runners.ParentRunner.run(ParentRunner.java:309)
	at org.apache.maven.surefire.junit4.JUnit4TestSet.execute(JUnit4TestSet.java:53)
	at org.apache.maven.surefire.junit4.JUnit4Provider.executeTestSet(JUnit4Provider.java:123)
	at org.apache.maven.surefire.junit4.JUnit4Provider.invoke(JUnit4Provider.java:104)
	at sun.reflect.NativeMethodAccessorImpl.invoke0(Native Method)
	at sun.reflect.NativeMethodAccessorImpl.invoke(NativeMethodAccessorImpl.java:62)
	at sun.reflect.DelegatingMethodAccessorImpl.invoke(DelegatingMethodAccessorImpl.java:43)
	at java.lang.reflect.Method.invoke(Method.java:497)
	at org.apache.maven.surefire.util.ReflectionUtils.invokeMethodWithArray(ReflectionUtils.java:164)
	at org.apache.maven.surefire.booter.ProviderFactory$ProviderProxy.invoke(ProviderFactory.java:110)
	at org.apache.maven.surefire.booter.SurefireStarter.invokeProvider(SurefireStarter.java:175)
	at org.apache.maven.surefire.booter.SurefireStarter.runSuitesInProcessWhenForked(SurefireStarter.java:107)
	at org.apache.maven.surefire.booter.ForkedBooter.main(ForkedBooter.java:68)
</failure>
    <system-out>[EL Fine]: sql: 2015-12-08 16:29:07.753--ServerSession(1863932867)--Connection(1488298739)--Thread(Thread[main,5,main])--SELECT ID, EMAIL FROM Gebruiker WHERE (EMAIL = ?)
	bind =&gt; [sel@nl]
[EL Fine]: sql: 2015-12-08 16:29:07.755--ClientSession(789640755)--Connection(1488298739)--Thread(Thread[main,5,main])--INSERT INTO Gebruiker (EMAIL) VALUES (?)
	bind =&gt; [sel@nl]
[EL Fine]: sql: 2015-12-08 16:29:07.757--ClientSession(789640755)--Connection(1488298739)--Thread(Thread[main,5,main])--values IDENTITY_VAL_LOCAL()
[EL Fine]: sql: 2015-12-08 16:29:07.758--ServerSession(1863932867)--Connection(1488298739)--Thread(Thread[main,5,main])--SELECT ID, EMAIL FROM Gebruiker WHERE (EMAIL = ?)
	bind =&gt; [buy@nl]
[EL Fine]: sql: 2015-12-08 16:29:07.76--ClientSession(1410791643)--Connection(1488298739)--Thread(Thread[main,5,main])--INSERT INTO Gebruiker (EMAIL) VALUES (?)
	bind =&gt; [buy@nl]
[EL Fine]: sql: 2015-12-08 16:29:07.761--ClientSession(1410791643)--Connection(1488298739)--Thread(Thread[main,5,main])--values IDENTITY_VAL_LOCAL()
[EL Fine]: sql: 2015-12-08 16:29:07.765--ServerSession(1863932867)--Connection(1488298739)--Thread(Thread[main,5,main])--SELECT ID FROM Gebruiker WHERE (ID = ?)
	bind =&gt; [11]
[EL Fine]: sql: 2015-12-08 16:29:07.766--ClientSession(2039328061)--Connection(1488298739)--Thread(Thread[main,5,main])--INSERT INTO AuctionItem (DESCRIPTION, c_description, SELLER_ID, HIGHEST_ID) VALUES (?, ?, ?, ?)
	bind =&gt; [omsch, cat1, 11, null]
[EL Fine]: sql: 2015-12-08 16:29:07.768--ClientSession(2039328061)--Connection(1488298739)--Thread(Thread[main,5,main])--values IDENTITY_VAL_LOCAL()
[EL Fine]: sql: 2015-12-08 16:29:07.769--ServerSession(1863932867)--Connection(1488298739)--Thread(Thread[main,5,main])--SELECT ID, DESCRIPTION, c_description, SELLER_ID, HIGHEST_ID FROM AuctionItem WHERE (ID = ?)
	bind =&gt; [6]
[EL Fine]: sql: 2015-12-08 16:29:07.772--ServerSession(1863932867)--Connection(1488298739)--Thread(Thread[main,5,main])--SELECT ID, EMAIL FROM Gebruiker WHERE (ID = ?)
	bind =&gt; [11]
[EL Fine]: sql: 2015-12-08 16:29:07.777--ServerSession(1863932867)--Connection(1488298739)--Thread(Thread[main,5,main])--SELECT ID, DESCRIPTION, c_description, SELLER_ID, HIGHEST_ID FROM AuctionItem WHERE (DESCRIPTION = ?)
	bind =&gt; [omsch]
[EL Fine]: sql: 2015-12-08 16:29:07.78--ServerSession(1863932867)--Connection(1488298739)--Thread(Thread[main,5,main])--SELECT ID, EMAIL FROM Gebruiker WHERE (ID = ?)
	bind =&gt; [4]
[EL Fine]: sql: 2015-12-08 16:29:07.782--ServerSession(1863932867)--Connection(1488298739)--Thread(Thread[main,5,main])--SELECT ID, EMAIL FROM Gebruiker WHERE (ID = ?)
	bind =&gt; [5]
[EL Fine]: sql: 2015-12-08 16:29:07.783--ServerSession(1863932867)--Connection(1488298739)--Thread(Thread[main,5,main])--SELECT ID, EMAIL FROM Gebruiker WHERE (ID = ?)
	bind =&gt; [6]
[EL Fine]: sql: 2015-12-08 16:29:07.785--ServerSession(1863932867)--Connection(1488298739)--Thread(Thread[main,5,main])--SELECT ID, EMAIL FROM Gebruiker WHERE (ID = ?)
	bind =&gt; [10]
[EL Fine]: sql: 2015-12-08 16:29:07.787--ServerSession(1863932867)--Connection(1488298739)--Thread(Thread[main,5,main])--SELECT ID, EMAIL FROM Gebruiker WHERE (ID = ?)
	bind =&gt; [11]
</system-out>
  </testcase>
</testsuite>